08/21/11 04:41:46 PM: Server starting. Max carvings set to 3
08/21/11 04:41:46 PM: Spawning the Goblin at 29, 65 on level 0
08/21/11 04:41:46 PM: Spawning the Goblin at 18, 37 on level 0
08/21/11 04:41:46 PM: Spawning the Goblin at 103, 62 on level 0
08/21/11 04:41:46 PM: Spawning the Goblin at 79, 31 on level 0
08/21/11 04:41:46 PM: Spawning the Goblin at 32, 62 on level 0
08/21/11 04:41:46 PM: Spawning the Goblin at 24, 65 on level 0
08/21/11 04:41:46 PM: Spawning the Goblin at 34, 86 on level 0
08/21/11 04:41:46 PM: Spawning the Goblin at 101, 84 on level 0
08/21/11 04:41:46 PM: Spawning the Goblin Sorcerer at 47, 105 on level 0
08/21/11 04:41:46 PM: Spawning the Goblin Sorcerer at 33, 93 on level 0
08/21/11 04:41:46 PM: LS 0: starting up
08/21/11 04:41:46 PM: Spawning the Cave Slug at 41, 123 on level 1
08/21/11 04:41:46 PM: Spawning the Goblin Sorcerer at 48, 50 on level 1
08/21/11 04:41:46 PM: Spawning the Cave Slug at 77, 102 on level 1
08/21/11 04:41:46 PM: Spawning the Goblin at 9, 71 on level 1
08/21/11 04:41:46 PM: Spawning the Cave Slug at 104, 27 on level 1
08/21/11 04:41:46 PM: Spawning the Goblin Sorcerer at 78, 104 on level 1
08/21/11 04:41:46 PM: Spawning the Goblin Sorcerer at 38, 85 on level 1
08/21/11 04:41:46 PM: Spawning the Goblin Sorcerer at 3, 83 on level 1
08/21/11 04:41:46 PM: Spawning the Goblin Sorcerer at 46, 18 on level 1
08/21/11 04:41:46 PM: Spawning the Goblin Sorcerer at 49, 13 on level 1
08/21/11 04:41:46 PM: LS 1: starting up
08/21/11 04:41:46 PM: Spawning the Demon at 27, 59 on level 2
08/21/11 04:41:46 PM: Spawning the Fire Elemental at 27, 54 on level 2
08/21/11 04:41:46 PM: Spawning the Fire Elemental at 27, 51 on level 2
08/21/11 04:41:46 PM: Spawning the Demon at 22, 26 on level 2
08/21/11 04:41:46 PM: Spawning the Demon at 8, 40 on level 2
08/21/11 04:41:46 PM: Spawning the Demon at 28, 35 on level 2
08/21/11 04:41:46 PM: Spawning the Demon at 41, 18 on level 2
08/21/11 04:41:46 PM: Spawning the Demon at 40, 30 on level 2
08/21/11 04:41:46 PM: Spawning the Demon at 11, 39 on level 2
08/21/11 04:41:46 PM: Spawning the Fire Elemental at 33, 33 on level 2
08/21/11 04:41:46 PM: LS 2: starting up
08/21/11 04:41:46 PM: Spawning the Lich at 30, 27 on level 3
08/21/11 04:41:46 PM: Spawning the Frost Elemental at 23, 43 on level 3
08/21/11 04:41:46 PM: Spawning the Lich at 42, 46 on level 3
08/21/11 04:41:46 PM: Spawning the Lich at 38, 48 on level 3
08/21/11 04:41:46 PM: Spawning the Lich at 10, 42 on level 3
08/21/11 04:41:46 PM: Spawning the Frost Elemental at 21, 28 on level 3
08/21/11 04:41:46 PM: Spawning the Frost Elemental at 35, 9 on level 3
08/21/11 04:41:46 PM: Spawning the Lich at 33, 50 on level 3
08/21/11 04:41:46 PM: Spawning the Frost Elemental at 48, 29 on level 3
08/21/11 04:41:46 PM: Spawning the Lich at 13, 15 on level 3
08/21/11 04:41:46 PM: LS 3: starting up
08/21/11 04:41:46 PM: Spawning the Death Spirit at 61, 53 on level 4
08/21/11 04:41:46 PM: Spawning the Demon at 2, 6 on level 4
08/21/11 04:41:46 PM: Spawning the Demon at 61, 3 on level 4
08/21/11 04:41:46 PM: Spawning the Demon at 59, 57 on level 4
08/21/11 04:41:46 PM: Spawning the Lich at 14, 51 on level 4
08/21/11 04:41:46 PM: Spawning the Lich at 33, 18 on level 4
08/21/11 04:41:46 PM: Spawning the Demon at 61, 37 on level 4
08/21/11 04:41:46 PM: Spawning the Lich at 33, 26 on level 4
08/21/11 04:41:46 PM: Spawning the Death Spirit at 30, 11 on level 4
08/21/11 04:41:46 PM: Spawning the Lich at 16, 17 on level 4
08/21/11 04:41:46 PM: LS 4: starting up
08/21/11 04:41:46 PM: LS 5: starting up
08/21/11 04:41:46 PM: Spawning the Tentacle at 10, 4 on level 6
08/21/11 04:41:46 PM: Spawning the Tentacle at 17, 17 on level 6
08/21/11 04:41:46 PM: Spawning the Tentacle at 7, 5 on level 6
08/21/11 04:41:46 PM: Spawning the Tentacle at 20, 29 on level 6
08/21/11 04:41:46 PM: Spawning the Tentacle at 21, 15 on level 6
08/21/11 04:41:46 PM: Spawning the Tentacle at 17, 30 on level 6
08/21/11 04:41:46 PM: Spawning the Tentacle at 16, 23 on level 6
08/21/11 04:41:46 PM: Spawning the Tentacle at 23, 2 on level 6
08/21/11 04:41:46 PM: Spawning the Tentacle at 9, 4 on level 6
08/21/11 04:41:46 PM: Spawning the Tentacle at 13, 30 on level 6
08/21/11 04:41:46 PM: LS 6: starting up
08/21/11 04:41:46 PM: Spawning the Tentacle at 21, 22 on level 7
08/21/11 04:41:46 PM: Spawning the Tentacle at 23, 22 on level 7
08/21/11 04:41:46 PM: Spawning the Tentacle at 20, 8 on level 7
08/21/11 04:41:46 PM: Spawning the Tentacle at 14, 11 on level 7
08/21/11 04:41:46 PM: Spawning the Tentacle at 19, 13 on level 7
08/21/11 04:41:46 PM: Spawning the Tentacle at 12, 13 on level 7
08/21/11 04:41:46 PM: Spawning the Tentacle at 22, 5 on level 7
08/21/11 04:41:46 PM: Spawning the Tentacle at 17, 16 on level 7
08/21/11 04:41:46 PM: Spawning the Tentacle at 13, 22 on level 7
08/21/11 04:41:46 PM: Spawning the Tentacle at 14, 21 on level 7
08/21/11 04:41:46 PM: LS 7: starting up
08/21/11 04:41:46 PM: LS 8: starting up
08/21/11 04:41:46 PM: LS 9: starting up
08/21/11 04:41:46 PM: Server: Thread launching...
08/21/11 04:41:46 PM: Server Acceptor Listening on /0:0:0:0:0:0:0:1:17998 : 17998
08/21/11 04:41:46 PM: Server Acceptor Listening on /127.0.0.1:17998 : 17998
08/21/11 04:41:46 PM: Server Acceptor Listening on /fe80:0:0:0:5458:dfae:6b3b:4d6e%10:17998 : 17998
08/21/11 04:41:46 PM: Server Acceptor Listening on /192.168.1.123:17998 : 17998
08/21/11 04:41:46 PM: Server Acceptor Listening on /fe80:0:0:0:0:5efe:c0a8:1f01%14:17998 : 17998
08/21/11 04:41:46 PM: Server Acceptor Listening on /2620:9b:0:0:0:0:5eb:1087:17998 : 17998
08/21/11 04:41:46 PM: Server Acceptor Listening on /fe80:0:0:0:10d:95a9:99fd:96fa%15:17998 : 17998
08/21/11 04:41:46 PM: Server Acceptor Listening on /5.235.16.135:17998 : 17998
08/21/11 04:41:46 PM: Server Acceptor Listening on /fe80:0:0:0:0:5efe:c0a8:ef01%16:17998 : 17998
08/21/11 04:41:46 PM: Server Acceptor Listening on /fe80:0:0:0:0:5efe:c0a8:3801%19:17998 : 17998
08/21/11 04:41:46 PM: Server Acceptor Listening on /fe80:0:0:0:0:100:7f:fffe%22:17998 : 17998
08/21/11 04:41:46 PM: Server Acceptor Listening on /fe80:0:0:0:e0b5:fbc8:a87a:763%26:17998 : 17998
08/21/11 04:41:46 PM: Server Acceptor Listening on /192.168.56.1:17998 : 17998
08/21/11 04:41:46 PM: Server Acceptor Listening on /fe80:0:0:0:52d:b791:fb8:c92b%29:17998 : 17998
08/21/11 04:41:46 PM: Server Acceptor Listening on /192.168.31.1:17998 : 17998
08/21/11 04:41:46 PM: Server Acceptor Listening on /fe80:0:0:0:f119:d6c:2258:801a%30:17998 : 17998
08/21/11 04:41:46 PM: Server Acceptor Listening on /192.168.239.1:17998 : 17998
08/21/11 04:41:46 PM: Server Acceptor Listening on /fe80:0:0:0:0:5efe:c0a8:17b%37:17998 : 17998
08/21/11 04:41:46 PM: Server Acceptor Listening on /fe80:0:0:0:200:5efe:5eb:1087%38:17998 : 17998
08/21/11 04:41:50 PM: Player from /127.0.0.1:54523 connected...
08/21/11 04:41:51 PM: Unknown has finished sending login info.
08/21/11 04:41:51 PM: Strength = 39.18704
08/21/11 04:41:51 PM: Agility = 82.841415
08/21/11 04:41:51 PM: Endurance = 18.288826
08/21/11 04:41:51 PM: Magic = 47.319157
08/21/11 04:41:51 PM: Aura = 32.363552
08/21/11 04:42:05 PM: Unknown has disconnected due to java.net.SocketException: Software caused connection abort: socket write error
08/21/11 04:42:05 PM: Unknown has disconnected due to java.net.SocketException: Software caused connection abort: socket write error
